<?xml version="1.0" encoding="UTF-8"?>
<!-- Generated by org.testng.reporters.JUnitXMLReporter -->
<testsuite ignored="3" hostname="DESKTOP-1LP8OFM" failures="1" tests="14" name="Test" time="115.701" errors="0" timestamp="2021-11-30T17:33:01 IST">
  <testcase classname="com.financepeer.testcases.LoginPageTest" name="loginFromStudentPageTest" time="8.856"/>
  <testcase classname="com.financepeer.testcases.LoginPageTest" name="loginFromSignUpPageTest" time="7.41"/>
  <testcase classname="com.financepeer.testcases.StudentPageTest" name="financepeer_HomePageTitle" time="0.021"/>
  <testcase classname="com.financepeer.testcases.StudentPageTest" name="applyLoanWithoutDetails" time="0.222"/>
  <testcase classname="com.financepeer.testcases.StudentPageTest" name="applyLoanWithValidDetails" time="8.515"/>
  <testcase classname="com.financepeer.testcases.StudentPageTest" name="contactUsLinkTestInStudentPage" time="0.895">
    <failure type="java.lang.AssertionError" message="expected [https://www.financepeer.com/contactUs] but found [https://financepeer.com/contactUs]">
      <![CDATA[java.lang.AssertionError: expected [https://www.financepeer.com/contactUs] but found [https://financepeer.com/contactUs]
at com.financepeer.testcases.StudentPageTest.contactUsLinkTestInStudentPage(StudentPageTest.java:117)
at java.base/java.util.ArrayList.forEach(ArrayList.java:1511)
... Removed 33 stack frames]]>
    </failure>
  </testcase> <!-- contactUsLinkTestInStudentPage -->
  <testcase classname="com.financepeer.testcases.StudentPageTest" name="privacyAndPolicyLinkTestInStudentPage" time="1.046"/>
  <testcase classname="com.financepeer.testcases.StudentPageTest" name="termsAndConditionsLinkTestInStudentPage" time="1.006"/>
  <testcase classname="com.financepeer.testcases.InstitutePageTest" name="getInTouchTest" time="1.184"/>
  <testcase classname="com.financepeer.testcases.InstitutePageTest" name="privacyAndPolicyLinkTest_Institute" time="1.225"/>
  <testcase classname="com.financepeer.testcases.InstitutePageTest" name="termsAndConditionsLinkTest_Institute" time="1.045"/>
  <testcase classname="com.financepeer.testcases.UVACardPageTest" name="joinTheTrendTest" time="1.096"/>
  <testcase classname="com.financepeer.testcases.UVACardPageTest" name="privacyAndPolicyLinkTestInUVACard" time="1.422"/>
  <testcase classname="com.financepeer.testcases.UVACardPageTest" name="termsAndConditionsLinkTestInUVACard" time="1.434"/>
  <testcase classname="com.financepeer.testcases.StudentPageTest" name="studentNameEnterDigits" time="0.0">
    <ignored/>
  </testcase> <!-- studentNameEnterDigits -->
  <testcase classname="com.financepeer.testcases.StudentPageTest" name="verifyStudentNameWithSplCharsTest" time="0.0">
    <ignored/>
  </testcase> <!-- verifyStudentNameWithSplCharsTest -->
  <testcase classname="com.financepeer.testcases.StudentPageTest" name="verifyStudentNameWithAllCombinationsTest" time="0.0">
    <ignored/>
  </testcase> <!-- verifyStudentNameWithAllCombinationsTest -->
</testsuite> <!-- Test -->
